<?xml version="1.0" encoding="UTF-8"?>
<!-- Generated by org.testng.reporters.JUnitReportReporter -->
<testsuite hostname="DESKTOP-OU50UTA" failures="0" tests="1" name="com.qa.api.test.GetApiTest" time="0.926" errors="0" timestamp="19 Oct 2020 02:58:21 GMT">
  <testcase classname="com.qa.api.test.GetApiTest" name="getAPITest" time="0.926"/>
</testsuite> <!-- com.qa.api.test.GetApiTest -->
