<?xml version="1.0" encoding="UTF-8"?>
<!-- Generated by org.testng.reporters.JUnitReportReporter -->
<testsuite hostname="DESKTOP-OU50UTA" failures="0" tests="1" name="com.qa.api.test.PostAPITest" time="0.553" errors="0" timestamp="21 Oct 2020 02:15:35 GMT">
  <testcase classname="com.qa.api.test.PostAPITest" name="postAPITest" time="0.553"/>
</testsuite> <!-- com.qa.api.test.PostAPITest -->
