<?xml version="1.0" encoding="UTF-8"?>
<!-- Generated by org.testng.reporters.JUnitReportReporter -->
<testsuite hostname="DESKTOP-OU50UTA" failures="0" tests="1" name="com.qa.api.test.PutApiTest" time="1.578" errors="0" timestamp="28 Oct 2020 06:49:26 GMT">
  <testcase classname="com.qa.api.test.PutApiTest" name="putTest" time="1.578"/>
</testsuite> <!-- com.qa.api.test.PutApiTest -->
