<?xml version="1.0" encoding="UTF-8"?>
<!-- Generated by org.testng.reporters.JUnitReportReporter -->
<testsuite hostname="DESKTOP-OU50UTA" failures="0" tests="2" name="com.qa.api.test.GetApiTest" time="1.648" errors="0" timestamp="20 Oct 2020 02:48:42 GMT">
  <testcase classname="com.qa.api.test.GetApiTest" name="getAPITest" time="1.034"/>
  <testcase classname="com.qa.api.test.GetApiTest" name="getAPITestWithHeaders" time="0.614"/>
</testsuite> <!-- com.qa.api.test.GetApiTest -->
