<?xml version="1.0" encoding="UTF-8"?>
<!-- Generated by org.testng.reporters.JUnitReportReporter -->
<testsuite hostname="DESKTOP-OU50UTA" failures="0" tests="1" name="com.qa.api.test.PostAPITest" time="1.207" errors="0" timestamp="23 Oct 2020 02:00:57 GMT">
  <testcase classname="com.qa.api.test.PostAPITest" name="postAPITest" time="1.207"/>
</testsuite> <!-- com.qa.api.test.PostAPITest -->
