<?xml version="1.0" encoding="UTF-8"?>
<!-- Generated by org.testng.reporters.JUnitReportReporter -->
<testsuite hostname="DESKTOP-OU50UTA" failures="0" tests="1" name="com.qa.api.test.DeleteApiTest" time="2.145" errors="0" timestamp="31 Oct 2020 15:03:37 GMT">
  <testcase classname="com.qa.api.test.DeleteApiTest" name="deleteTest" time="2.145"/>
</testsuite> <!-- com.qa.api.test.DeleteApiTest -->
