<?xml version="1.0" encoding="UTF-8"?>
<!-- Generated by org.testng.reporters.JUnitReportReporter -->
<testsuite hostname="DESKTOP-OU50UTA" failures="0" tests="1" name="com.qa.api.test.PostAPITest" time="1.786" errors="0" timestamp="28 Oct 2020 06:40:38 GMT">
  <testcase classname="com.qa.api.test.PostAPITest" name="newPOSTtest" time="1.786"/>
</testsuite> <!-- com.qa.api.test.PostAPITest -->
