<?xml version="1.0" encoding="UTF-8"?>
<!-- Generated by org.testng.reporters.JUnitReportReporter -->
<testsuite hostname="DESKTOP-OU50UTA" failures="0" tests="1" name="com.qa.api.test.GetApiTest" time="1.250" errors="0" timestamp="11 Oct 2020 03:41:54 GMT">
  <testcase classname="com.qa.api.test.GetApiTest" name="getAPITest" time="1.250"/>
</testsuite> <!-- com.qa.api.test.GetApiTest -->
