<?xml version="1.0" encoding="UTF-8"?>
<!-- Generated by org.testng.reporters.JUnitReportReporter -->
<testsuite hostname="DESKTOP-OU50UTA" failures="0" tests="2" name="com.qa.api.test.GetApiTest" time="1.381" errors="0" timestamp="26 Oct 2020 02:19:41 GMT">
  <testcase classname="com.qa.api.test.GetApiTest" name="getAPITestWithHeaders" time="0.651"/>
  <testcase classname="com.qa.api.test.GetApiTest" name="getAPITestWithoutHeaders" time="0.730"/>
</testsuite> <!-- com.qa.api.test.GetApiTest -->
