<?xml version="1.0" encoding="UTF-8"?>
<!-- Generated by org.testng.reporters.JUnitReportReporter -->
<testsuite hostname="DESKTOP-OU50UTA" failures="0" tests="1" name="com.qa.api.test.PutApiTest" time="0.002" errors="0" timestamp="26 Oct 2020 02:19:41 GMT">
  <testcase classname="com.qa.api.test.PutApiTest" name="putTest" time="0.002"/>
</testsuite> <!-- com.qa.api.test.PutApiTest -->
