<?xml version="1.0" encoding="UTF-8"?>
<!-- Generated by org.testng.reporters.JUnitReportReporter -->
<testsuite hostname="DESKTOP-OU50UTA" failures="0" tests="2" name="com.qa.api.test.GetApiTest" time="0.891" errors="0" timestamp="23 Oct 2020 08:37:06 GMT">
  <testcase classname="com.qa.api.test.GetApiTest" name="getAPITestWithoutHeaders" time="0.584"/>
  <testcase classname="com.qa.api.test.GetApiTest" name="getAPITestWithHeaders" time="0.307"/>
</testsuite> <!-- com.qa.api.test.GetApiTest -->
