<?xml version="1.0" encoding="UTF-8"?>
<!-- Generated by org.testng.reporters.JUnitReportReporter -->
<testsuite hostname="DESKTOP-OU50UTA" failures="0" tests="2" name="com.qa.api.test.PostAPITest" time="2.566" errors="0" timestamp="26 Oct 2020 02:19:41 GMT">
  <testcase classname="com.qa.api.test.PostAPITest" name="postAPITest" time="1.040"/>
  <testcase classname="com.qa.api.test.PostAPITest" name="newPOSTtest" time="1.526"/>
</testsuite> <!-- com.qa.api.test.PostAPITest -->
