<?xml version="1.0" encoding="UTF-8"?>
<!-- Generated by org.testng.reporters.JUnitReportReporter -->
<testsuite hostname="DESKTOP-OU50UTA" failures="0" tests="1" name="com.qa.api.test.PostAPITest" time="4.743" errors="0" timestamp="23 Oct 2020 08:37:06 GMT">
  <testcase classname="com.qa.api.test.PostAPITest" name="postAPITest" time="4.743"/>
</testsuite> <!-- com.qa.api.test.PostAPITest -->
